This file contains any messages produced by compilers while
running configure, to aid debugging if configure makes a mistake.

It was created by EventLoop configure 0.1.0, which was
generated by GNU Autoconf 2.69.  Invocation command line was

  $ ./configure 

## --------- ##
## Platform. ##
## --------- ##

hostname = 36d04bbfa544
uname -m = x86_64
uname -r = 3.10.0-229.20.1.el7.x86_64
uname -s = Linux
uname -v = #1 SMP Tue Nov 3 19:10:07 UTC 2015

/usr/bin/uname -p = x86_64
/bin/uname -X     = unknown

/bin/arch              = x86_64
/usr/bin/arch -k       = unknown
/usr/convex/getsysinfo = unknown
/usr/bin/hostinfo      = unknown
/bin/machine           = unknown
/usr/bin/oslevel       = unknown
/bin/universe          = unknown

PATH: /usr/local/bin
PATH: /usr/bin
PATH: /bin
PATH: /usr/local/sbin
PATH: /usr/sbin


## ----------- ##
## Core tests. ##
## ----------- ##

configure:2310: checking for a BSD-compatible install
configure:2378: result: /usr/bin/install -c
configure:2389: checking whether build environment is sane
configure:2444: result: yes
configure:2595: checking for a thread-safe mkdir -p
configure:2634: result: /usr/bin/mkdir -p
configure:2641: checking for gawk
configure:2657: found /usr/bin/gawk
configure:2668: result: gawk
configure:2679: checking whether make sets $(MAKE)
configure:2701: result: yes
configure:2730: checking whether make supports nested variables
configure:2747: result: yes
configure:2889: checking for g++
configure:2905: found /usr/bin/g++
configure:2916: result: g++
configure:2943: checking for C++ compiler version
configure:2952: g++ --version >&5
g++ (GCC) 4.8.5 20150623 (Red Hat 4.8.5-4)
Copyright (C) 2015 Free Software Foundation, Inc.
This is free software; see the source for copying conditions.  There is NO
warranty; not even for MERCHANTABILITY or FITNESS FOR A PARTICULAR PURPOSE.

configure:2963: $? = 0
configure:2952: g++ -v >&5
Using built-in specs.
COLLECT_GCC=g++
COLLECT_LTO_WRAPPER=/usr/libexec/gcc/x86_64-redhat-linux/4.8.5/lto-wrapper
Target: x86_64-redhat-linux
Configured with: ../configure --prefix=/usr --mandir=/usr/share/man --infodir=/usr/share/info --with-bugurl=http://bugzilla.redhat.com/bugzilla --enable-bootstrap --enable-shared --enable-threads=posix --enable-checking=release --with-system-zlib --enable-__cxa_atexit --disable-libunwind-exceptions --enable-gnu-unique-object --enable-linker-build-id --with-linker-hash-style=gnu --enable-languages=c,c++,objc,obj-c++,java,fortran,ada,go,lto --enable-plugin --enable-initfini-array --disable-libgcj --with-isl=/builddir/build/BUILD/gcc-4.8.5-20150702/obj-x86_64-redhat-linux/isl-install --with-cloog=/builddir/build/BUILD/gcc-4.8.5-20150702/obj-x86_64-redhat-linux/cloog-install --enable-gnu-indirect-function --with-tune=generic --with-arch_32=x86-64 --build=x86_64-redhat-linux
Thread model: posix
gcc version 4.8.5 20150623 (Red Hat 4.8.5-4) (GCC) 
configure:2963: $? = 0
configure:2952: g++ -V >&5
g++: error: unrecognized command line option '-V'
g++: fatal error: no input files
compilation terminated.
configure:2963: $? = 4
configure:2952: g++ -qversion >&5
g++: error: unrecognized command line option '-qversion'
g++: fatal error: no input files
compilation terminated.
configure:2963: $? = 4
configure:2983: checking whether the C++ compiler works
configure:3005: g++    conftest.cpp  >&5
configure:3009: $? = 0
configure:3057: result: yes
configure:3060: checking for C++ compiler default output file name
configure:3062: result: a.out
configure:3068: checking for suffix of executables
configure:3075: g++ -o conftest    conftest.cpp  >&5
configure:3079: $? = 0
configure:3101: result: 
configure:3123: checking whether we are cross compiling
configure:3131: g++ -o conftest    conftest.cpp  >&5
configure:3135: $? = 0
configure:3142: ./conftest
configure:3146: $? = 0
configure:3161: result: no
configure:3166: checking for suffix of object files
configure:3188: g++ -c   conftest.cpp >&5
configure:3192: $? = 0
configure:3213: result: o
configure:3217: checking whether we are using the GNU C++ compiler
configure:3236: g++ -c   conftest.cpp >&5
configure:3236: $? = 0
configure:3245: result: yes
configure:3254: checking whether g++ accepts -g
configure:3274: g++ -c -g  conftest.cpp >&5
configure:3274: $? = 0
configure:3315: result: yes
configure:3349: checking for style of include used by make
configure:3377: result: GNU
configure:3403: checking dependency style of g++
configure:3514: result: gcc3
configure:3564: checking build system type
configure:3578: result: x86_64-unknown-linux-gnu
configure:3598: checking host system type
configure:3611: result: x86_64-unknown-linux-gnu
configure:3652: checking how to print strings
configure:3679: result: printf
configure:3748: checking for gcc
configure:3764: found /usr/bin/gcc
configure:3775: result: gcc
configure:4004: checking for C compiler version
configure:4013: gcc --version >&5
gcc (GCC) 4.8.5 20150623 (Red Hat 4.8.5-4)
Copyright (C) 2015 Free Software Foundation, Inc.
This is free software; see the source for copying conditions.  There is NO
warranty; not even for MERCHANTABILITY or FITNESS FOR A PARTICULAR PURPOSE.

configure:4024: $? = 0
configure:4013: gcc -v >&5
Using built-in specs.
COLLECT_GCC=gcc
COLLECT_LTO_WRAPPER=/usr/libexec/gcc/x86_64-redhat-linux/4.8.5/lto-wrapper
Target: x86_64-redhat-linux
Configured with: ../configure --prefix=/usr --mandir=/usr/share/man --infodir=/usr/share/info --with-bugurl=http://bugzilla.redhat.com/bugzilla --enable-bootstrap --enable-shared --enable-threads=posix --enable-checking=release --with-system-zlib --enable-__cxa_atexit --disable-libunwind-exceptions --enable-gnu-unique-object --enable-linker-build-id --with-linker-hash-style=gnu --enable-languages=c,c++,objc,obj-c++,java,fortran,ada,go,lto --enable-plugin --enable-initfini-array --disable-libgcj --with-isl=/builddir/build/BUILD/gcc-4.8.5-20150702/obj-x86_64-redhat-linux/isl-install --with-cloog=/builddir/build/BUILD/gcc-4.8.5-20150702/obj-x86_64-redhat-linux/cloog-install --enable-gnu-indirect-function --with-tune=generic --with-arch_32=x86-64 --build=x86_64-redhat-linux
Thread model: posix
gcc version 4.8.5 20150623 (Red Hat 4.8.5-4) (GCC) 
configure:4024: $? = 0
configure:4013: gcc -V >&5
gcc: error: unrecognized command line option '-V'
gcc: fatal error: no input files
compilation terminated.
configure:4024: $? = 4
configure:4013: gcc -qversion >&5
gcc: error: unrecognized command line option '-qversion'
gcc: fatal error: no input files
compilation terminated.
configure:4024: $? = 4
configure:4028: checking whether we are using the GNU C compiler
configure:4047: gcc -c   conftest.c >&5
configure:4047: $? = 0
configure:4056: result: yes
configure:4065: checking whether gcc accepts -g
configure:4085: gcc -c -g  conftest.c >&5
configure:4085: $? = 0
configure:4126: result: yes
configure:4143: checking for gcc option to accept ISO C89
configure:4206: gcc  -c -g -O2  conftest.c >&5
configure:4206: $? = 0
configure:4219: result: none needed
configure:4241: checking dependency style of gcc
configure:4352: result: gcc3
configure:4367: checking for a sed that does not truncate output
configure:4431: result: /usr/bin/sed
configure:4449: checking for grep that handles long lines and -e
configure:4507: result: /usr/bin/grep
configure:4512: checking for egrep
configure:4574: result: /usr/bin/grep -E
configure:4579: checking for fgrep
configure:4641: result: /usr/bin/grep -F
configure:4676: checking for ld used by gcc
configure:4743: result: /usr/bin/ld
configure:4750: checking if the linker (/usr/bin/ld) is GNU ld
configure:4765: result: yes
configure:4777: checking for BSD- or MS-compatible name lister (nm)
configure:4826: result: /usr/bin/nm -B
configure:4956: checking the name lister (/usr/bin/nm -B) interface
configure:4963: g++ -c -g -O2  conftest.cpp >&5
configure:4966: /usr/bin/nm -B "conftest.o"
configure:4969: output
0000000000000000 B some_variable
configure:4976: result: BSD nm
configure:4979: checking whether ln -s works
configure:4983: result: yes
configure:4991: checking the maximum length of command line arguments
configure:5121: result: 1572864
configure:5138: checking whether the shell understands some XSI constructs
configure:5148: result: yes
configure:5152: checking whether the shell understands "+="
configure:5158: result: yes
configure:5193: checking how to convert x86_64-unknown-linux-gnu file names to x86_64-unknown-linux-gnu format
configure:5233: result: func_convert_file_noop
configure:5240: checking how to convert x86_64-unknown-linux-gnu file names to toolchain format
configure:5260: result: func_convert_file_noop
configure:5267: checking for /usr/bin/ld option to reload object files
configure:5274: result: -r
configure:5348: checking for objdump
configure:5364: found /usr/bin/objdump
configure:5375: result: objdump
configure:5407: checking how to recognize dependent libraries
configure:5609: result: pass_all
configure:5694: checking for dlltool
configure:5724: result: no
configure:5754: checking how to associate runtime and link libraries
configure:5781: result: printf %s\n
configure:5842: checking for ar
configure:5858: found /usr/bin/ar
configure:5869: result: ar
configure:5906: checking for archiver @FILE support
configure:5923: g++ -c -g -O2  conftest.cpp >&5
configure:5923: $? = 0
configure:5926: ar cru libconftest.a @conftest.lst >&5
configure:5929: $? = 0
configure:5934: ar cru libconftest.a @conftest.lst >&5
ar: conftest.o: No such file or directory
configure:5937: $? = 1
configure:5949: result: @
configure:6007: checking for strip
configure:6023: found /usr/bin/strip
configure:6034: result: strip
configure:6106: checking for ranlib
configure:6122: found /usr/bin/ranlib
configure:6133: result: ranlib
configure:6235: checking command to parse /usr/bin/nm -B output from gcc object
configure:6355: g++ -c -g -O2  conftest.cpp >&5
configure:6358: $? = 0
configure:6362: /usr/bin/nm -B conftest.o \| sed -n -e 's/^.*[ ]\([ABCDGIRSTW][ABCDGIRSTW]*\)[ ][ ]*\([_A-Za-z][_A-Za-z0-9]*\)$/\1 \2 \2/p' | sed '/ __gnu_lto/d' \> conftest.nm
configure:6365: $? = 0
configure:6431: g++ -o conftest -g -O2   conftest.cpp conftstm.o >&5
configure:6434: $? = 0
configure:6472: result: ok
configure:6509: checking for sysroot
configure:6539: result: no
configure:6617: g++ -c -g -O2  conftest.cpp >&5
configure:6620: $? = 0
configure:6796: checking for mt
configure:6826: result: no
configure:6846: checking if : is a manifest tool
configure:6852: : '-?'
configure:6860: result: no
configure:7502: checking how to run the C preprocessor
configure:7533: gcc -E  conftest.c
configure:7533: $? = 0
configure:7547: gcc -E  conftest.c
conftest.c:11:28: fatal error: ac_nonexistent.h: No such file or directory
 #include <ac_nonexistent.h>
                            ^
compilation terminated.
configure:7547: $? = 1
configure: failed program was:
| /* confdefs.h */
| #define PACKAGE_NAME "EventLoop"
| #define PACKAGE_TARNAME "eventloop"
| #define PACKAGE_VERSION "0.1.0"
| #define PACKAGE_STRING "EventLoop 0.1.0"
| #define PACKAGE_BUGREPORT ""
| #define PACKAGE_URL ""
| #define PACKAGE "eventloop"
| #define VERSION "0.1.0"
| /* end confdefs.h.  */
| #include <ac_nonexistent.h>
configure:7572: result: gcc -E
configure:7592: gcc -E  conftest.c
configure:7592: $? = 0
configure:7606: gcc -E  conftest.c
conftest.c:11:28: fatal error: ac_nonexistent.h: No such file or directory
 #include <ac_nonexistent.h>
                            ^
compilation terminated.
configure:7606: $? = 1
configure: failed program was:
| /* confdefs.h */
| #define PACKAGE_NAME "EventLoop"
| #define PACKAGE_TARNAME "eventloop"
| #define PACKAGE_VERSION "0.1.0"
| #define PACKAGE_STRING "EventLoop 0.1.0"
| #define PACKAGE_BUGREPORT ""
| #define PACKAGE_URL ""
| #define PACKAGE "eventloop"
| #define VERSION "0.1.0"
| /* end confdefs.h.  */
| #include <ac_nonexistent.h>
configure:7635: checking for ANSI C header files
configure:7655: gcc -c -g -O2  conftest.c >&5
configure:7655: $? = 0
configure:7728: gcc -o conftest -g -O2   conftest.c  >&5
configure:7728: $? = 0
configure:7728: ./conftest
configure:7728: $? = 0
configure:7739: result: yes
configure:7752: checking for sys/types.h
configure:7752: gcc -c -g -O2  conftest.c >&5
configure:7752: $? = 0
configure:7752: result: yes
configure:7752: checking for sys/stat.h
configure:7752: gcc -c -g -O2  conftest.c >&5
configure:7752: $? = 0
configure:7752: result: yes
configure:7752: checking for stdlib.h
configure:7752: gcc -c -g -O2  conftest.c >&5
configure:7752: $? = 0
configure:7752: result: yes
configure:7752: checking for string.h
configure:7752: gcc -c -g -O2  conftest.c >&5
configure:7752: $? = 0
configure:7752: result: yes
configure:7752: checking for memory.h
configure:7752: gcc -c -g -O2  conftest.c >&5
configure:7752: $? = 0
configure:7752: result: yes
configure:7752: checking for strings.h
configure:7752: gcc -c -g -O2  conftest.c >&5
configure:7752: $? = 0
configure:7752: result: yes
configure:7752: checking for inttypes.h
configure:7752: gcc -c -g -O2  conftest.c >&5
configure:7752: $? = 0
configure:7752: result: yes
configure:7752: checking for stdint.h
configure:7752: gcc -c -g -O2  conftest.c >&5
configure:7752: $? = 0
configure:7752: result: yes
configure:7752: checking for unistd.h
configure:7752: gcc -c -g -O2  conftest.c >&5
configure:7752: $? = 0
configure:7752: result: yes
configure:7766: checking for dlfcn.h
configure:7766: gcc -c -g -O2  conftest.c >&5
configure:7766: $? = 0
configure:7766: result: yes
configure:7982: checking for objdir
configure:7997: result: .libs
configure:8268: checking if gcc supports -fno-rtti -fno-exceptions
configure:8286: gcc -c -g -O2  -fno-rtti -fno-exceptions conftest.c >&5
cc1: warning: command line option '-fno-rtti' is valid for C++/ObjC++ but not for C [enabled by default]
configure:8290: $? = 0
configure:8303: result: no
configure:8630: checking for gcc option to produce PIC
configure:8637: result: -fPIC -DPIC
configure:8645: checking if gcc PIC flag -fPIC -DPIC works
configure:8663: gcc -c -g -O2  -fPIC -DPIC -DPIC conftest.c >&5
configure:8667: $? = 0
configure:8680: result: yes
configure:8709: checking if gcc static flag -static works
configure:8737: result: no
configure:8752: checking if gcc supports -c -o file.o
configure:8773: gcc -c -g -O2  -o out/conftest2.o conftest.c >&5
configure:8777: $? = 0
configure:8799: result: yes
configure:8807: checking if gcc supports -c -o file.o
configure:8854: result: yes
configure:8887: checking whether the gcc linker (/usr/bin/ld -m elf_x86_64) supports shared libraries
configure:10040: result: yes
configure:10077: checking whether -lc should be explicitly linked in
configure:10085: gcc -c -g -O2  conftest.c >&5
configure:10088: $? = 0
configure:10103: gcc -shared  -fPIC -DPIC conftest.o  -v -Wl,-soname -Wl,conftest -o conftest 2\>\&1 \| /usr/bin/grep  -lc  \>/dev/null 2\>\&1
configure:10106: $? = 0
configure:10120: result: no
configure:10280: checking dynamic linker characteristics
configure:10791: gcc -o conftest -g -O2   -Wl,-rpath -Wl,/foo conftest.c  >&5
configure:10791: $? = 0
configure:11017: result: GNU/Linux ld.so
configure:11124: checking how to hardcode library paths into programs
configure:11149: result: immediate
configure:11689: checking whether stripping libraries is possible
configure:11694: result: yes
configure:11729: checking if libtool supports shared libraries
configure:11731: result: yes
configure:11734: checking whether to build shared libraries
configure:11755: result: yes
configure:11758: checking whether to build static libraries
configure:11762: result: yes
configure:11785: checking how to run the C++ preprocessor
configure:11812: g++ -E  conftest.cpp
configure:11812: $? = 0
configure:11826: g++ -E  conftest.cpp
conftest.cpp:23:28: fatal error: ac_nonexistent.h: No such file or directory
 #include <ac_nonexistent.h>
                            ^
compilation terminated.
configure:11826: $? = 1
configure: failed program was:
| /* confdefs.h */
| #define PACKAGE_NAME "EventLoop"
| #define PACKAGE_TARNAME "eventloop"
| #define PACKAGE_VERSION "0.1.0"
| #define PACKAGE_STRING "EventLoop 0.1.0"
| #define PACKAGE_BUGREPORT ""
| #define PACKAGE_URL ""
| #define PACKAGE "eventloop"
| #define VERSION "0.1.0"
| #define STDC_HEADERS 1
| #define HAVE_SYS_TYPES_H 1
| #define HAVE_SYS_STAT_H 1
| #define HAVE_STDLIB_H 1
| #define HAVE_STRING_H 1
| #define HAVE_MEMORY_H 1
| #define HAVE_STRINGS_H 1
| #define HAVE_INTTYPES_H 1
| #define HAVE_STDINT_H 1
| #define HAVE_UNISTD_H 1
| #define HAVE_DLFCN_H 1
| #define LT_OBJDIR ".libs/"
| /* end confdefs.h.  */
| #include <ac_nonexistent.h>
configure:11851: result: g++ -E
configure:11871: g++ -E  conftest.cpp
configure:11871: $? = 0
configure:11885: g++ -E  conftest.cpp
conftest.cpp:23:28: fatal error: ac_nonexistent.h: No such file or directory
 #include <ac_nonexistent.h>
                            ^
compilation terminated.
configure:11885: $? = 1
configure: failed program was:
| /* confdefs.h */
| #define PACKAGE_NAME "EventLoop"
| #define PACKAGE_TARNAME "eventloop"
| #define PACKAGE_VERSION "0.1.0"
| #define PACKAGE_STRING "EventLoop 0.1.0"
| #define PACKAGE_BUGREPORT ""
| #define PACKAGE_URL ""
| #define PACKAGE "eventloop"
| #define VERSION "0.1.0"
| #define STDC_HEADERS 1
| #define HAVE_SYS_TYPES_H 1
| #define HAVE_SYS_STAT_H 1
| #define HAVE_STDLIB_H 1
| #define HAVE_STRING_H 1
| #define HAVE_MEMORY_H 1
| #define HAVE_STRINGS_H 1
| #define HAVE_INTTYPES_H 1
| #define HAVE_STDINT_H 1
| #define HAVE_UNISTD_H 1
| #define HAVE_DLFCN_H 1
| #define LT_OBJDIR ".libs/"
| /* end confdefs.h.  */
| #include <ac_nonexistent.h>
configure:12054: checking for ld used by g++
configure:12121: result: /usr/bin/ld -m elf_x86_64
configure:12128: checking if the linker (/usr/bin/ld -m elf_x86_64) is GNU ld
configure:12143: result: yes
configure:12198: checking whether the g++ linker (/usr/bin/ld -m elf_x86_64) supports shared libraries
configure:13203: result: yes
configure:13239: g++ -c -g -O2  conftest.cpp >&5
configure:13242: $? = 0
configure:13762: checking for g++ option to produce PIC
configure:13769: result: -fPIC -DPIC
configure:13777: checking if g++ PIC flag -fPIC -DPIC works
configure:13795: g++ -c -g -O2  -fPIC -DPIC -DPIC conftest.cpp >&5
configure:13799: $? = 0
configure:13812: result: yes
configure:13835: checking if g++ static flag -static works
configure:13863: result: no
configure:13875: checking if g++ supports -c -o file.o
configure:13896: g++ -c -g -O2  -o out/conftest2.o conftest.cpp >&5
configure:13900: $? = 0
configure:13922: result: yes
configure:13927: checking if g++ supports -c -o file.o
configure:13974: result: yes
configure:14004: checking whether the g++ linker (/usr/bin/ld -m elf_x86_64) supports shared libraries
configure:14040: result: yes
configure:14181: checking dynamic linker characteristics
configure:14852: result: GNU/Linux ld.so
configure:14905: checking how to hardcode library paths into programs
configure:14930: result: immediate
configure:15016: checking whether g++ supports C++11 features by default
configure:15076: g++ -c -g -O2  conftest.cpp >&5
conftest.cpp:27:21: error: expected identifier before 'sizeof'
       static_assert(sizeof(int) <= sizeof(T), "not big enough");
                     ^
conftest.cpp:27:21: error: expected ',' or '...' before 'sizeof'
conftest.cpp:27:63: error: ISO C++ forbids declaration of 'static_assert' with no type [-fpermissive]
       static_assert(sizeof(int) <= sizeof(T), "not big enough");
                                                               ^
conftest.cpp:34:20: warning: override controls (override/final) only available with -std=c++11 or -std=gnu++11 [enabled by default]
     virtual void f() override {}
                    ^
conftest.cpp:37:29: error: '>>' should be '> >' within a nested template argument list
     typedef check<check<bool>> right_angle_brackets;
                             ^
conftest.cpp:40:13: error: expected constructor, destructor, or type conversion before '(' token
     decltype(a) b;
             ^
conftest.cpp:44:15: error: expected unqualified-id before '&&' token
     check_type&& cr = static_cast<check_type&&>(c);
               ^
conftest.cpp:46:10: error: 'd' does not name a type
     auto d = a;
          ^
conftest.cpp:47:10: error: 'l' does not name a type
     auto l = [](){};
          ^
conftest.cpp: In constructor 'use_l::use_l()':
conftest.cpp:49:32: error: 'l' was not declared in this scope
     struct use_l { use_l() { l(); } };
                                ^
conftest.cpp: At global scope:
conftest.cpp:57:9: error: expected unqualified-id before 'using'
         using member = typename T::member_type;
         ^
conftest.cpp:63:19: error: variable or field 'func' declared void
         void func(member<T>*) {}
                   ^
conftest.cpp:63:19: error: 'member' was not declared in this scope
conftest.cpp:63:27: error: expected primary-expression before '>' token
         void func(member<T>*) {}
                           ^
conftest.cpp:63:29: error: expected primary-expression before ')' token
         void func(member<T>*) {}
                             ^
conftest.cpp:73:27: warning: c++11 attributes only available with -std=c++11 or -std=gnu++11 [enabled by default]
     void noret [[noreturn]] () { throw 0; }
                           ^
configure:15076: $? = 1
configure: failed program was:
| /* confdefs.h */
| #define PACKAGE_NAME "EventLoop"
| #define PACKAGE_TARNAME "eventloop"
| #define PACKAGE_VERSION "0.1.0"
| #define PACKAGE_STRING "EventLoop 0.1.0"
| #define PACKAGE_BUGREPORT ""
| #define PACKAGE_URL ""
| #define PACKAGE "eventloop"
| #define VERSION "0.1.0"
| #define STDC_HEADERS 1
| #define HAVE_SYS_TYPES_H 1
| #define HAVE_SYS_STAT_H 1
| #define HAVE_STDLIB_H 1
| #define HAVE_STRING_H 1
| #define HAVE_MEMORY_H 1
| #define HAVE_STRINGS_H 1
| #define HAVE_INTTYPES_H 1
| #define HAVE_STDINT_H 1
| #define HAVE_UNISTD_H 1
| #define HAVE_DLFCN_H 1
| #define LT_OBJDIR ".libs/"
| /* end confdefs.h.  */
| 
|   template <typename T>
|     struct check
|     {
|       static_assert(sizeof(int) <= sizeof(T), "not big enough");
|     };
| 
|     struct Base {
|     virtual void f() {}
|     };
|     struct Child : public Base {
|     virtual void f() override {}
|     };
| 
|     typedef check<check<bool>> right_angle_brackets;
| 
|     int a;
|     decltype(a) b;
| 
|     typedef check<int> check_type;
|     check_type c;
|     check_type&& cr = static_cast<check_type&&>(c);
| 
|     auto d = a;
|     auto l = [](){};
|     // Prevent Clang error: unused variable 'l' [-Werror,-Wunused-variable]
|     struct use_l { use_l() { l(); } };
| 
|     // http://stackoverflow.com/questions/13728184/template-aliases-and-sfinae
|     // Clang 3.1 fails with headers of libstd++ 4.8.3 when using std::function because of this
|     namespace test_template_alias_sfinae {
|         struct foo {};
| 
|         template<typename T>
|         using member = typename T::member_type;
| 
|         template<typename T>
|         void func(...) {}
| 
|         template<typename T>
|         void func(member<T>*) {}
| 
|         void test();
| 
|         void test() {
|             func<foo>(0);
|         }
|     }
| 
|     // Check for C++11 attribute support
|     void noret [[noreturn]] () { throw 0; }
| 
configure:15083: result: no
configure:15094: checking whether g++ supports C++11 features with -std=c++11
configure:15156: g++ -c -g -O2 -std=c++11  conftest.cpp >&5
configure:15156: $? = 0
configure:15165: result: yes
configure:15247: checking for boostlib >= 1.53
configure:15330: g++ -c -g -O2 -std=c++11  -I/usr/include conftest.cpp >&5
configure:15330: $? = 0
configure:15332: result: yes
configure:15632: checking that generated files are newer than configure
configure:15638: result: done
configure:15669: creating ./config.status

## ---------------------- ##
## Running config.status. ##
## ---------------------- ##

This file was extended by EventLoop config.status 0.1.0, which was
generated by GNU Autoconf 2.69.  Invocation command line was

  CONFIG_FILES    = 
  CONFIG_HEADERS  = 
  CONFIG_LINKS    = 
  CONFIG_COMMANDS = 
  $ ./config.status 

on 36d04bbfa544

config.status:1071: creating Makefile
config.status:1243: executing depfiles commands
config.status:1243: executing libtool commands

## ---------------- ##
## Cache variables. ##
## ---------------- ##

ac_cv_build=x86_64-unknown-linux-gnu
ac_cv_c_compiler_gnu=yes
ac_cv_cxx_compiler_gnu=yes
ac_cv_env_CCC_set=
ac_cv_env_CCC_value=
ac_cv_env_CC_set=
ac_cv_env_CC_value=
ac_cv_env_CFLAGS_set=
ac_cv_env_CFLAGS_value=
ac_cv_env_CPPFLAGS_set=
ac_cv_env_CPPFLAGS_value=
ac_cv_env_CPP_set=
ac_cv_env_CPP_value=
ac_cv_env_CXXCPP_set=
ac_cv_env_CXXCPP_value=
ac_cv_env_CXXFLAGS_set=
ac_cv_env_CXXFLAGS_value=
ac_cv_env_CXX_set=
ac_cv_env_CXX_value=
ac_cv_env_LDFLAGS_set=
ac_cv_env_LDFLAGS_value=
ac_cv_env_LIBS_set=
ac_cv_env_LIBS_value=
ac_cv_env_build_alias_set=
ac_cv_env_build_alias_value=
ac_cv_env_host_alias_set=
ac_cv_env_host_alias_value=
ac_cv_env_target_alias_set=
ac_cv_env_target_alias_value=
ac_cv_header_dlfcn_h=yes
ac_cv_header_inttypes_h=yes
ac_cv_header_memory_h=yes
ac_cv_header_stdc=yes
ac_cv_header_stdint_h=yes
ac_cv_header_stdlib_h=yes
ac_cv_header_string_h=yes
ac_cv_header_strings_h=yes
ac_cv_header_sys_stat_h=yes
ac_cv_header_sys_types_h=yes
ac_cv_header_unistd_h=yes
ac_cv_host=x86_64-unknown-linux-gnu
ac_cv_objext=o
ac_cv_path_EGREP='/usr/bin/grep -E'
ac_cv_path_FGREP='/usr/bin/grep -F'
ac_cv_path_GREP=/usr/bin/grep
ac_cv_path_SED=/usr/bin/sed
ac_cv_path_install='/usr/bin/install -c'
ac_cv_path_mkdir=/usr/bin/mkdir
ac_cv_prog_AWK=gawk
ac_cv_prog_CPP='gcc -E'
ac_cv_prog_CXXCPP='g++ -E'
ac_cv_prog_ac_ct_AR=ar
ac_cv_prog_ac_ct_CC=gcc
ac_cv_prog_ac_ct_CXX=g++
ac_cv_prog_ac_ct_OBJDUMP=objdump
ac_cv_prog_ac_ct_RANLIB=ranlib
ac_cv_prog_ac_ct_STRIP=strip
ac_cv_prog_cc_c89=
ac_cv_prog_cc_g=yes
ac_cv_prog_cxx_g=yes
ac_cv_prog_make_make_set=yes
am_cv_CC_dependencies_compiler_type=gcc3
am_cv_CXX_dependencies_compiler_type=gcc3
am_cv_make_support_nested_variables=yes
ax_cv_cxx_compile_cxx11=no
ax_cv_cxx_compile_cxx11__std_cpp11=yes
lt_cv_ar_at_file=@
lt_cv_archive_cmds_need_lc=no
lt_cv_deplibs_check_method=pass_all
lt_cv_file_magic_cmd='$MAGIC_CMD'
lt_cv_file_magic_test_file=
lt_cv_ld_reload_flag=-r
lt_cv_nm_interface='BSD nm'
lt_cv_objdir=.libs
lt_cv_path_LD=/usr/bin/ld
lt_cv_path_LDCXX='/usr/bin/ld -m elf_x86_64'
lt_cv_path_NM='/usr/bin/nm -B'
lt_cv_path_mainfest_tool=no
lt_cv_prog_compiler_c_o=yes
lt_cv_prog_compiler_c_o_CXX=yes
lt_cv_prog_compiler_pic='-fPIC -DPIC'
lt_cv_prog_compiler_pic_CXX='-fPIC -DPIC'
lt_cv_prog_compiler_pic_works=yes
lt_cv_prog_compiler_pic_works_CXX=yes
lt_cv_prog_compiler_rtti_exceptions=no
lt_cv_prog_compiler_static_works=no
lt_cv_prog_compiler_static_works_CXX=no
lt_cv_prog_gnu_ld=yes
lt_cv_prog_gnu_ldcxx=yes
lt_cv_sharedlib_from_linklib_cmd='printf %s\n'
lt_cv_shlibpath_overrides_runpath=no
lt_cv_sys_global_symbol_pipe='sed -n -e '\''s/^.*[	 ]\([ABCDGIRSTW][ABCDGIRSTW]*\)[	 ][	 ]*\([_A-Za-z][_A-Za-z0-9]*\)$/\1 \2 \2/p'\'' | sed '\''/ __gnu_lto/d'\'''
lt_cv_sys_global_symbol_to_c_name_address='sed -n -e '\''s/^: \([^ ]*\)[ ]*$/  {\"\1\", (void *) 0},/p'\'' -e '\''s/^[ABCDGIRSTW]* \([^ ]*\) \([^ ]*\)$/  {"\2", (void *) \&\2},/p'\'''
lt_cv_sys_global_symbol_to_c_name_address_lib_prefix='sed -n -e '\''s/^: \([^ ]*\)[ ]*$/  {\"\1\", (void *) 0},/p'\'' -e '\''s/^[ABCDGIRSTW]* \([^ ]*\) \(lib[^ ]*\)$/  {"\2", (void *) \&\2},/p'\'' -e '\''s/^[ABCDGIRSTW]* \([^ ]*\) \([^ ]*\)$/  {"lib\2", (void *) \&\2},/p'\'''
lt_cv_sys_global_symbol_to_cdecl='sed -n -e '\''s/^T .* \(.*\)$/extern int \1();/p'\'' -e '\''s/^[ABCDGIRSTW]* .* \(.*\)$/extern char \1;/p'\'''
lt_cv_sys_max_cmd_len=1572864
lt_cv_to_host_file_cmd=func_convert_file_noop
lt_cv_to_tool_file_cmd=func_convert_file_noop

## ----------------- ##
## Output variables. ##
## ----------------- ##

ACLOCAL='${SHELL} /BB/bb_eventloop/build-aux/missing aclocal-1.13'
AMDEPBACKSLASH='\'
AMDEP_FALSE='#'
AMDEP_TRUE=''
AMTAR='$${TAR-tar}'
AM_BACKSLASH='\'
AM_DEFAULT_V='$(AM_DEFAULT_VERBOSITY)'
AM_DEFAULT_VERBOSITY='1'
AM_V='$(V)'
AR='ar'
AUTOCONF='${SHELL} /BB/bb_eventloop/build-aux/missing autoconf'
AUTOHEADER='${SHELL} /BB/bb_eventloop/build-aux/missing autoheader'
AUTOMAKE='${SHELL} /BB/bb_eventloop/build-aux/missing automake-1.13'
AWK='gawk'
BOOST_CPPFLAGS='-I/usr/include'
BOOST_LDFLAGS='-L/usr/lib64'
CC='gcc'
CCDEPMODE='depmode=gcc3'
CFLAGS='-g -O2'
CPP='gcc -E'
CPPFLAGS=''
CXX='g++'
CXXCPP='g++ -E'
CXXDEPMODE='depmode=gcc3'
CXXFLAGS='-g -O2 -std=c++11'
CYGPATH_W='echo'
DEFS='-DPACKAGE_NAME=\"EventLoop\" -DPACKAGE_TARNAME=\"eventloop\" -DPACKAGE_VERSION=\"0.1.0\" -DPACKAGE_STRING=\"EventLoop\ 0.1.0\" -DPACKAGE_BUGREPORT=\"\" -DPACKAGE_URL=\"\" -DPACKAGE=\"eventloop\" -DVERSION=\"0.1.0\" -DSTDC_HEADERS=1 -DHAVE_SYS_TYPES_H=1 -DHAVE_SYS_STAT_H=1 -DHAVE_STDLIB_H=1 -DHAVE_STRING_H=1 -DHAVE_MEMORY_H=1 -DHAVE_STRINGS_H=1 -DHAVE_INTTYPES_H=1 -DHAVE_STDINT_H=1 -DHAVE_UNISTD_H=1 -DHAVE_DLFCN_H=1 -DLT_OBJDIR=\".libs/\" -DHAVE_BOOST=/\*\*/'
DEPDIR='.deps'
DLLTOOL='false'
DSYMUTIL=''
DUMPBIN=''
ECHO_C=''
ECHO_N='-n'
ECHO_T=''
EGREP='/usr/bin/grep -E'
EXAMPLES_FALSE='#'
EXAMPLES_TRUE=''
EXEEXT=''
FGREP='/usr/bin/grep -F'
GREP='/usr/bin/grep'
HAVE_CXX11=''
INSTALL_DATA='${INSTALL} -m 644'
INSTALL_PROGRAM='${INSTALL}'
INSTALL_SCRIPT='${INSTALL}'
INSTALL_STRIP_PROGRAM='$(install_sh) -c -s'
LD='/usr/bin/ld -m elf_x86_64'
LDFLAGS=''
LIBOBJS=''
LIBS=''
LIBTOOL='$(SHELL) $(top_builddir)/libtool'
LIPO=''
LN_S='ln -s'
LTLIBOBJS=''
MAKEINFO='${SHELL} /BB/bb_eventloop/build-aux/missing makeinfo'
MANIFEST_TOOL=':'
MKDIR_P='/usr/bin/mkdir -p'
NM='/usr/bin/nm -B'
NMEDIT=''
OBJDUMP='objdump'
OBJEXT='o'
OTOOL64=''
OTOOL=''
PACKAGE='eventloop'
PACKAGE_BUGREPORT=''
PACKAGE_NAME='EventLoop'
PACKAGE_STRING='EventLoop 0.1.0'
PACKAGE_TARNAME='eventloop'
PACKAGE_URL=''
PACKAGE_VERSION='0.1.0'
PATH_SEPARATOR=':'
RANLIB='ranlib'
SED='/usr/bin/sed'
SET_MAKE=''
SHELL='/bin/sh'
STRIP='strip'
VERSION='0.1.0'
ac_ct_AR='ar'
ac_ct_CC='gcc'
ac_ct_CXX='g++'
ac_ct_DUMPBIN=''
am__EXEEXT_FALSE=''
am__EXEEXT_TRUE='#'
am__fastdepCC_FALSE='#'
am__fastdepCC_TRUE=''
am__fastdepCXX_FALSE='#'
am__fastdepCXX_TRUE=''
am__include='include'
am__isrc=''
am__leading_dot='.'
am__nodep='_no'
am__quote=''
am__tar='$${TAR-tar} chof - "$$tardir"'
am__untar='$${TAR-tar} xf -'
bindir='${exec_prefix}/bin'
build='x86_64-unknown-linux-gnu'
build_alias=''
build_cpu='x86_64'
build_os='linux-gnu'
build_vendor='unknown'
datadir='${datarootdir}'
datarootdir='${prefix}/share'
docdir='${datarootdir}/doc/${PACKAGE_TARNAME}'
dvidir='${docdir}'
exec_prefix='${prefix}'
host='x86_64-unknown-linux-gnu'
host_alias=''
host_cpu='x86_64'
host_os='linux-gnu'
host_vendor='unknown'
htmldir='${docdir}'
includedir='${prefix}/include'
infodir='${datarootdir}/info'
install_sh='${SHELL} /BB/bb_eventloop/build-aux/install-sh'
libdir='${exec_prefix}/lib'
libexecdir='${exec_prefix}/libexec'
localedir='${datarootdir}/locale'
localstatedir='${prefix}/var'
mandir='${datarootdir}/man'
mkdir_p='$(MKDIR_P)'
oldincludedir='/usr/include'
pdfdir='${docdir}'
prefix='/usr/local'
program_transform_name='s,x,x,'
psdir='${docdir}'
sbindir='${exec_prefix}/sbin'
sharedstatedir='${prefix}/com'
sysconfdir='${prefix}/etc'
target_alias=''

## ----------- ##
## confdefs.h. ##
## ----------- ##

/* confdefs.h */
#define PACKAGE_NAME "EventLoop"
#define PACKAGE_TARNAME "eventloop"
#define PACKAGE_VERSION "0.1.0"
#define PACKAGE_STRING "EventLoop 0.1.0"
#define PACKAGE_BUGREPORT ""
#define PACKAGE_URL ""
#define PACKAGE "eventloop"
#define VERSION "0.1.0"
#define STDC_HEADERS 1
#define HAVE_SYS_TYPES_H 1
#define HAVE_SYS_STAT_H 1
#define HAVE_STDLIB_H 1
#define HAVE_STRING_H 1
#define HAVE_MEMORY_H 1
#define HAVE_STRINGS_H 1
#define HAVE_INTTYPES_H 1
#define HAVE_STDINT_H 1
#define HAVE_UNISTD_H 1
#define HAVE_DLFCN_H 1
#define LT_OBJDIR ".libs/"
#define HAVE_BOOST /**/

configure: exit 0
